# Logfile created on 2014-02-11 02:59:06 +0900 by logger.rb/44203
I, [2014-02-11T02:59:06.472235 #7327]  INFO -- : 0:  rake (10.1.1) from /Users/nao/.rvm/gems/ruby-2.1.0@watson-test/specifications/rake-10.1.1.gemspec
I, [2014-02-11T02:59:07.198490 #7327]  INFO -- : 0:  i18n (0.6.9) from /Users/nao/.rvm/gems/ruby-2.1.0@watson-test/specifications/i18n-0.6.9.gemspec
I, [2014-02-11T02:59:07.198836 #7327]  INFO -- : 0:  minitest (4.7.5) from /Users/nao/.rvm/rubies/ruby-2.1.0/lib/ruby/gems/2.1.0/specifications/default/minitest-4.7.5.gemspec
I, [2014-02-11T02:59:07.884702 #7327]  INFO -- : 0:  multi_json (1.8.4) from /Users/nao/.rvm/gems/ruby-2.1.0@watson-test/specifications/multi_json-1.8.4.gemspec
I, [2014-02-11T02:59:09.251698 #7327]  INFO -- : 0:  atomic (1.1.14) from /Users/nao/.rvm/gems/ruby-2.1.0@watson-test/specifications/atomic-1.1.14.gemspec
I, [2014-02-11T02:59:10.019557 #7327]  INFO -- : 0:  thread_safe (0.1.3) from /Users/nao/.rvm/gems/ruby-2.1.0@watson-test/specifications/thread_safe-0.1.3.gemspec
I, [2014-02-11T02:59:11.083216 #7327]  INFO -- : 0:  tzinfo (0.3.38) from /Users/nao/.rvm/gems/ruby-2.1.0@watson-test/specifications/tzinfo-0.3.38.gemspec
I, [2014-02-11T02:59:11.996345 #7327]  INFO -- : 0:  activesupport (4.0.2) from /Users/nao/.rvm/gems/ruby-2.1.0@watson-test/specifications/activesupport-4.0.2.gemspec
I, [2014-02-11T02:59:12.712430 #7327]  INFO -- : 0:  builder (3.1.4) from /Users/nao/.rvm/gems/ruby-2.1.0@watson-test/specifications/builder-3.1.4.gemspec
I, [2014-02-11T02:59:13.585595 #7327]  INFO -- : 0:  erubis (2.7.0) from /Users/nao/.rvm/gems/ruby-2.1.0@watson-test/specifications/erubis-2.7.0.gemspec
I, [2014-02-11T02:59:14.524016 #7327]  INFO -- : 0:  rack (1.5.2) from /Users/nao/.rvm/gems/ruby-2.1.0@watson-test/specifications/rack-1.5.2.gemspec
I, [2014-02-11T02:59:15.252653 #7327]  INFO -- : 0:  rack-test (0.6.2) from /Users/nao/.rvm/gems/ruby-2.1.0@watson-test/specifications/rack-test-0.6.2.gemspec
I, [2014-02-11T02:59:16.217544 #7327]  INFO -- : 0:  actionpack (4.0.2) from /Users/nao/.rvm/gems/ruby-2.1.0@watson-test/specifications/actionpack-4.0.2.gemspec
I, [2014-02-11T02:59:16.905773 #7327]  INFO -- : 0:  mime-types (1.25.1) from /Users/nao/.rvm/gems/ruby-2.1.0@watson-test/specifications/mime-types-1.25.1.gemspec
I, [2014-02-11T02:59:17.604387 #7327]  INFO -- : 0:  polyglot (0.3.3) from /Users/nao/.rvm/gems/ruby-2.1.0@watson-test/specifications/polyglot-0.3.3.gemspec
I, [2014-02-11T02:59:18.618501 #7327]  INFO -- : 0:  treetop (1.4.15) from /Users/nao/.rvm/gems/ruby-2.1.0@watson-test/specifications/treetop-1.4.15.gemspec
I, [2014-02-11T02:59:19.483476 #7327]  INFO -- : 0:  mail (2.5.4) from /Users/nao/.rvm/gems/ruby-2.1.0@watson-test/specifications/mail-2.5.4.gemspec
I, [2014-02-11T02:59:20.145018 #7327]  INFO -- : 0:  actionmailer (4.0.2) from /Users/nao/.rvm/gems/ruby-2.1.0@watson-test/specifications/actionmailer-4.0.2.gemspec
I, [2014-02-11T02:59:20.884685 #7327]  INFO -- : 0:  activemodel (4.0.2) from /Users/nao/.rvm/gems/ruby-2.1.0@watson-test/specifications/activemodel-4.0.2.gemspec
I, [2014-02-11T02:59:21.598489 #7327]  INFO -- : 0:  activerecord-deprecated_finders (1.0.3) from /Users/nao/.rvm/gems/ruby-2.1.0@watson-test/specifications/activerecord-deprecated_finders-1.0.3.gemspec
I, [2014-02-11T02:59:22.447216 #7327]  INFO -- : 0:  arel (4.0.2) from /Users/nao/.rvm/gems/ruby-2.1.0@watson-test/specifications/arel-4.0.2.gemspec
I, [2014-02-11T02:59:23.266885 #7327]  INFO -- : 0:  activerecord (4.0.2) from /Users/nao/.rvm/gems/ruby-2.1.0@watson-test/specifications/activerecord-4.0.2.gemspec
I, [2014-02-11T02:59:23.267197 #7327]  INFO -- : 0:  bundler (1.5.1) from /Users/nao/.rvm/gems/ruby-2.1.0@global/specifications/bundler-1.5.1.gemspec
I, [2014-02-11T02:59:23.899630 #7327]  INFO -- : 0:  hike (1.2.3) from /Users/nao/.rvm/gems/ruby-2.1.0@watson-test/specifications/hike-1.2.3.gemspec
I, [2014-02-11T02:59:24.655296 #7327]  INFO -- : 0:  thor (0.18.1) from /Users/nao/.rvm/gems/ruby-2.1.0@watson-test/specifications/thor-0.18.1.gemspec
I, [2014-02-11T02:59:25.511811 #7327]  INFO -- : 0:  railties (4.0.2) from /Users/nao/.rvm/gems/ruby-2.1.0@watson-test/specifications/railties-4.0.2.gemspec
I, [2014-02-11T02:59:26.184945 #7327]  INFO -- : 0:  tilt (1.4.1) from /Users/nao/.rvm/gems/ruby-2.1.0@watson-test/specifications/tilt-1.4.1.gemspec
I, [2014-02-11T02:59:26.882415 #7327]  INFO -- : 0:  sprockets (2.10.1) from /Users/nao/.rvm/gems/ruby-2.1.0@watson-test/specifications/sprockets-2.10.1.gemspec
I, [2014-02-11T02:59:27.510417 #7327]  INFO -- : 0:  sprockets-rails (2.0.1) from /Users/nao/.rvm/gems/ruby-2.1.0@watson-test/specifications/sprockets-rails-2.0.1.gemspec
I, [2014-02-11T02:59:28.861186 #7327]  INFO -- : 0:  rails (4.0.2) from /Users/nao/.rvm/gems/ruby-2.1.0@watson-test/specifications/rails-4.0.2.gemspec
I, [2014-02-11T03:05:23.705044 #8510]  INFO -- : 0:  rake (10.1.1) from /Users/nao/.rvm/gems/ruby-2.1.0@watson-test/specifications/rake-10.1.1.gemspec
I, [2014-02-11T03:05:23.705368 #8510]  INFO -- : 0:  i18n (0.6.9) from /Users/nao/.rvm/gems/ruby-2.1.0@watson-test/specifications/i18n-0.6.9.gemspec
I, [2014-02-11T03:05:23.705600 #8510]  INFO -- : 0:  minitest (4.7.5) from /Users/nao/.rvm/rubies/ruby-2.1.0/lib/ruby/gems/2.1.0/specifications/default/minitest-4.7.5.gemspec
I, [2014-02-11T03:05:23.705854 #8510]  INFO -- : 0:  multi_json (1.8.4) from /Users/nao/.rvm/gems/ruby-2.1.0@watson-test/specifications/multi_json-1.8.4.gemspec
I, [2014-02-11T03:05:23.706078 #8510]  INFO -- : 0:  atomic (1.1.14) from /Users/nao/.rvm/gems/ruby-2.1.0@watson-test/specifications/atomic-1.1.14.gemspec
I, [2014-02-11T03:05:23.706329 #8510]  INFO -- : 0:  thread_safe (0.1.3) from /Users/nao/.rvm/gems/ruby-2.1.0@watson-test/specifications/thread_safe-0.1.3.gemspec
I, [2014-02-11T03:05:23.706574 #8510]  INFO -- : 0:  tzinfo (0.3.38) from /Users/nao/.rvm/gems/ruby-2.1.0@watson-test/specifications/tzinfo-0.3.38.gemspec
I, [2014-02-11T03:05:23.706840 #8510]  INFO -- : 0:  activesupport (4.0.2) from /Users/nao/.rvm/gems/ruby-2.1.0@watson-test/specifications/activesupport-4.0.2.gemspec
I, [2014-02-11T03:05:23.707069 #8510]  INFO -- : 0:  builder (3.1.4) from /Users/nao/.rvm/gems/ruby-2.1.0@watson-test/specifications/builder-3.1.4.gemspec
I, [2014-02-11T03:05:23.707296 #8510]  INFO -- : 0:  erubis (2.7.0) from /Users/nao/.rvm/gems/ruby-2.1.0@watson-test/specifications/erubis-2.7.0.gemspec
I, [2014-02-11T03:05:23.707534 #8510]  INFO -- : 0:  rack (1.5.2) from /Users/nao/.rvm/gems/ruby-2.1.0@watson-test/specifications/rack-1.5.2.gemspec
I, [2014-02-11T03:05:23.707782 #8510]  INFO -- : 0:  rack-test (0.6.2) from /Users/nao/.rvm/gems/ruby-2.1.0@watson-test/specifications/rack-test-0.6.2.gemspec
I, [2014-02-11T03:05:23.707999 #8510]  INFO -- : 0:  actionpack (4.0.2) from /Users/nao/.rvm/gems/ruby-2.1.0@watson-test/specifications/actionpack-4.0.2.gemspec
I, [2014-02-11T03:05:23.708211 #8510]  INFO -- : 0:  mime-types (1.25.1) from /Users/nao/.rvm/gems/ruby-2.1.0@watson-test/specifications/mime-types-1.25.1.gemspec
I, [2014-02-11T03:05:23.708440 #8510]  INFO -- : 0:  polyglot (0.3.3) from /Users/nao/.rvm/gems/ruby-2.1.0@watson-test/specifications/polyglot-0.3.3.gemspec
I, [2014-02-11T03:05:23.708683 #8510]  INFO -- : 0:  treetop (1.4.15) from /Users/nao/.rvm/gems/ruby-2.1.0@watson-test/specifications/treetop-1.4.15.gemspec
I, [2014-02-11T03:05:23.708961 #8510]  INFO -- : 0:  mail (2.5.4) from /Users/nao/.rvm/gems/ruby-2.1.0@watson-test/specifications/mail-2.5.4.gemspec
I, [2014-02-11T03:05:23.709193 #8510]  INFO -- : 0:  actionmailer (4.0.2) from /Users/nao/.rvm/gems/ruby-2.1.0@watson-test/specifications/actionmailer-4.0.2.gemspec
I, [2014-02-11T03:05:23.709425 #8510]  INFO -- : 0:  activemodel (4.0.2) from /Users/nao/.rvm/gems/ruby-2.1.0@watson-test/specifications/activemodel-4.0.2.gemspec
I, [2014-02-11T03:05:23.709662 #8510]  INFO -- : 0:  activerecord-deprecated_finders (1.0.3) from /Users/nao/.rvm/gems/ruby-2.1.0@watson-test/specifications/activerecord-deprecated_finders-1.0.3.gemspec
I, [2014-02-11T03:05:23.709889 #8510]  INFO -- : 0:  arel (4.0.2) from /Users/nao/.rvm/gems/ruby-2.1.0@watson-test/specifications/arel-4.0.2.gemspec
I, [2014-02-11T03:05:23.710102 #8510]  INFO -- : 0:  activerecord (4.0.2) from /Users/nao/.rvm/gems/ruby-2.1.0@watson-test/specifications/activerecord-4.0.2.gemspec
I, [2014-02-11T03:05:23.710329 #8510]  INFO -- : 0:  bundler (1.5.1) from /Users/nao/.rvm/gems/ruby-2.1.0@global/specifications/bundler-1.5.1.gemspec
I, [2014-02-11T03:05:25.158542 #8510]  INFO -- : 0:  coffee-script-source (1.7.0) from /Users/nao/.rvm/gems/ruby-2.1.0@watson-test/specifications/coffee-script-source-1.7.0.gemspec
I, [2014-02-11T03:05:25.837745 #8510]  INFO -- : 0:  execjs (2.0.2) from /Users/nao/.rvm/gems/ruby-2.1.0@watson-test/specifications/execjs-2.0.2.gemspec
I, [2014-02-11T03:05:26.437387 #8510]  INFO -- : 0:  coffee-script (2.2.0) from /Users/nao/.rvm/gems/ruby-2.1.0@watson-test/specifications/coffee-script-2.2.0.gemspec
I, [2014-02-11T03:05:26.437697 #8510]  INFO -- : 0:  thor (0.18.1) from /Users/nao/.rvm/gems/ruby-2.1.0@watson-test/specifications/thor-0.18.1.gemspec
I, [2014-02-11T03:05:26.437935 #8510]  INFO -- : 0:  railties (4.0.2) from /Users/nao/.rvm/gems/ruby-2.1.0@watson-test/specifications/railties-4.0.2.gemspec
I, [2014-02-11T03:05:27.094524 #8510]  INFO -- : 0:  coffee-rails (4.0.1) from /Users/nao/.rvm/gems/ruby-2.1.0@watson-test/specifications/coffee-rails-4.0.1.gemspec
I, [2014-02-11T03:05:27.094853 #8510]  INFO -- : 0:  hike (1.2.3) from /Users/nao/.rvm/gems/ruby-2.1.0@watson-test/specifications/hike-1.2.3.gemspec
I, [2014-02-11T03:05:27.818962 #8510]  INFO -- : 0:  jbuilder (1.5.3) from /Users/nao/.rvm/gems/ruby-2.1.0@watson-test/specifications/jbuilder-1.5.3.gemspec
I, [2014-02-11T03:05:28.593319 #8510]  INFO -- : 0:  jquery-rails (3.1.0) from /Users/nao/.rvm/gems/ruby-2.1.0@watson-test/specifications/jquery-rails-3.1.0.gemspec
I, [2014-02-11T03:05:28.593696 #8510]  INFO -- : 0:  json (1.8.1) from /Users/nao/.rvm/rubies/ruby-2.1.0/lib/ruby/gems/2.1.0/specifications/default/json-1.8.1.gemspec
I, [2014-02-11T03:05:28.593939 #8510]  INFO -- : 0:  tilt (1.4.1) from /Users/nao/.rvm/gems/ruby-2.1.0@watson-test/specifications/tilt-1.4.1.gemspec
I, [2014-02-11T03:05:28.594178 #8510]  INFO -- : 0:  sprockets (2.10.1) from /Users/nao/.rvm/gems/ruby-2.1.0@watson-test/specifications/sprockets-2.10.1.gemspec
I, [2014-02-11T03:05:28.594456 #8510]  INFO -- : 0:  sprockets-rails (2.0.1) from /Users/nao/.rvm/gems/ruby-2.1.0@watson-test/specifications/sprockets-rails-2.0.1.gemspec
I, [2014-02-11T03:05:28.594682 #8510]  INFO -- : 0:  rails (4.0.2) from /Users/nao/.rvm/gems/ruby-2.1.0@watson-test/specifications/rails-4.0.2.gemspec
I, [2014-02-11T03:05:29.691030 #8510]  INFO -- : 0:  rdoc (4.1.1) from /Users/nao/.rvm/gems/ruby-2.1.0@watson-test/specifications/rdoc-4.1.1.gemspec
I, [2014-02-11T03:05:30.588090 #8510]  INFO -- : 0:  sass (3.2.14) from /Users/nao/.rvm/gems/ruby-2.1.0@watson-test/specifications/sass-3.2.14.gemspec
I, [2014-02-11T03:05:31.423643 #8510]  INFO -- : 0:  sass-rails (4.0.1) from /Users/nao/.rvm/gems/ruby-2.1.0@watson-test/specifications/sass-rails-4.0.1.gemspec
I, [2014-02-11T03:05:32.286897 #8510]  INFO -- : 0:  sdoc (0.4.0) from /Users/nao/.rvm/gems/ruby-2.1.0@watson-test/specifications/sdoc-0.4.0.gemspec
I, [2014-02-11T03:05:34.789824 #8510]  INFO -- : 0:  sqlite3 (1.3.8) from /Users/nao/.rvm/gems/ruby-2.1.0@watson-test/specifications/sqlite3-1.3.8.gemspec
I, [2014-02-11T03:05:35.661735 #8510]  INFO -- : 0:  turbolinks (2.2.1) from /Users/nao/.rvm/gems/ruby-2.1.0@watson-test/specifications/turbolinks-2.2.1.gemspec
I, [2014-02-11T03:05:36.490317 #8510]  INFO -- : 0:  uglifier (2.4.0) from /Users/nao/.rvm/gems/ruby-2.1.0@watson-test/specifications/uglifier-2.4.0.gemspec
